<?xml version="1.0" encoding="UTF-8"?>
<!-- Generated by org.testng.reporters.JUnitReportReporter -->
<testsuite skipped="0" hostname="DESKTOP-GGP1A3M" name="com.testng.Filpkart_Testng" tests="4" failures="0" timestamp="2023-01-11T23:01:50 MST" time="35.092" errors="0">
  <testcase name="urllaunch" time="5.747" classname="com.testng.Filpkart_Testng"/>
  <system-out/>
  <testcase name="searchproduct" time="6.935" classname="com.testng.Filpkart_Testng"/>
  <system-out/>
  <testcase name="mobilephone" time="18.280" classname="com.testng.Filpkart_Testng"/>
  <system-out/>
  <testcase name="addtocart" time="4.130" classname="com.testng.Filpkart_Testng"/>
  <system-out/>
</testsuite> <!-- com.testng.Filpkart_Testng -->
